2025-10-12 20:38:12,391 - apscheduler.scheduler - INFO - Adding job tentatively -- it will be properly scheduled when the scheduler starts
2025-10-12 20:38:12,402 - apscheduler.scheduler - INFO - Adding job tentatively -- it will be properly scheduled when the scheduler starts
2025-10-12 20:38:12,403 - __main__ - INFO - Bot ishga tushirildi. Chiqish uchun Ctrl+C tugmasini bosing.
2025-10-12 20:38:12,409 - telegram.ext.ExtBot - DEBUG - Entering: get_me
2025-10-12 20:38:13,038 - telegram.ext.ExtBot - DEBUG - User(api_kwargs={'can_connect_to_business': False, 'has_main_web_app': False}, can_join_groups=True, can_read_all_group_messages=False, first_name='Meros', id=8383988628, is_bot=True, supports_inline_queries=False, username='Mybax_bot')
2025-10-12 20:38:13,043 - telegram.ext.ExtBot - DEBUG - Exiting: get_me
2025-10-12 20:38:13,046 - telegram.ext.ExtBot - DEBUG - This Bot is already initialized.
2025-10-12 20:38:13,048 - telegram.ext.Updater - DEBUG - Updater started (polling)
2025-10-12 20:38:13,048 - telegram.ext.Updater - DEBUG - Start network loop retry bootstrap del webhook
2025-10-12 20:38:13,049 - telegram.ext.Updater - DEBUG - Deleting webhook
2025-10-12 20:38:13,050 - telegram.ext.Updater - DEBUG - Dropping pending updates from Telegram server
2025-10-12 20:38:13,051 - telegram.ext.ExtBot - DEBUG - Entering: delete_webhook
2025-10-12 20:38:13,156 - telegram.ext.ExtBot - DEBUG - True
2025-10-12 20:38:13,156 - telegram.ext.ExtBot - DEBUG - Exiting: delete_webhook
2025-10-12 20:38:13,158 - telegram.ext.Updater - DEBUG - Bootstrap done
2025-10-12 20:38:13,158 - telegram.ext.Updater - DEBUG - Waiting for polling to start
2025-10-12 20:38:13,159 - telegram.ext.Updater - DEBUG - Polling updates from Telegram started
2025-10-12 20:38:13,159 - telegram.ext.Updater - DEBUG - Start network loop retry getting Updates
2025-10-12 20:38:13,160 - telegram.ext.ExtBot - DEBUG - Entering: get_updates
2025-10-12 20:38:13,166 - apscheduler.scheduler - INFO - Added job "send_daily_summary" to job store "default"
2025-10-12 20:38:13,167 - apscheduler.scheduler - INFO - Added job "<lambda>" to job store "default"
2025-10-12 20:38:13,168 - apscheduler.scheduler - INFO - Scheduler started
2025-10-12 20:38:13,169 - telegram.ext.Application - DEBUG - JobQueue started
2025-10-12 20:38:13,170 - telegram.ext.Application - INFO - Application started
2025-10-12 20:38:13,171 - apscheduler.scheduler - DEBUG - Looking for jobs to run
2025-10-12 20:38:13,172 - apscheduler.scheduler - INFO - Removed job 3e0e65c21d154dc4ac00c4376256ea3a
2025-10-12 20:38:13,173 - apscheduler.scheduler - DEBUG - Next wakeup is due at 2025-10-13 04:23:00+00:00 (in 45886.826869 seconds)
2025-10-12 20:38:13,174 - apscheduler.executors.default - INFO - Running job "<lambda> (trigger: date[2025-10-12 15:38:12 UTC], next run at: 2025-10-12 15:38:12 UTC)" (scheduled at 2025-10-12 15:38:12.398467+00:00)
2025-10-12 20:38:13,177 - telegram.ext.ExtBot - DEBUG - Entering: send_message
2025-10-12 20:38:13,324 - telegram.ext.ExtBot - DEBUG - Message(channel_chat_created=False, chat=Chat(first_name='Ибодулла', id=252935510, last_name='Атаджанов', type=<ChatType.PRIVATE>, username='Otush2024'), date=datetime.datetime(2025, 10, 12, 15, 38, 13, tzinfo=<UTC>), delete_chat_photo=False, entities=(MessageEntity(length=6, offset=30, type=<MessageEntityType.BOT_COMMAND>),), from_user=User(first_name='Meros', id=8383988628, is_bot=True, username='Mybax_bot'), group_chat_created=False, message_id=19902, supergroup_chat_created=False, text='ℹ️ Hisob turini tanlash uchun /start bosing!')
2025-10-12 20:38:13,326 - telegram.ext.ExtBot - DEBUG - Exiting: send_message
2025-10-12 20:38:13,335 - apscheduler.executors.default - INFO - Job "<lambda> (trigger: date[2025-10-12 15:38:12 UTC], next run at: 2025-10-12 15:38:12 UTC)" executed successfully
2025-10-12 20:38:23,520 - telegram.ext.ExtBot - DEBUG - No new updates found.
2025-10-12 20:38:23,520 - telegram.ext.ExtBot - DEBUG - ()
2025-10-12 20:38:23,523 - telegram.ext.ExtBot - DEBUG - Exiting: get_updates
2025-10-12 20:38:23,523 - telegram.ext.ExtBot - DEBUG - Entering: get_updates
2025-10-12 20:38:31,834 - telegram.ext.ExtBot - DEBUG - Getting updates: [884200645]
2025-10-12 20:38:31,835 - telegram.ext.ExtBot - DEBUG - (Update(message=Message(channel_chat_created=False, chat=Chat(first_name='Ибодулла', id=252935510, last_name='Атаджанов', type=<ChatType.PRIVATE>, username='Otush2024'), date=datetime.datetime(2025, 10, 12, 15, 38, 31, tzinfo=<UTC>), delete_chat_photo=False, entities=(MessageEntity(length=6, offset=0, type=<MessageEntityType.BOT_COMMAND>),), from_user=User(first_name='Ибодулла', id=252935510, is_bot=False, language_code='ru', last_name='Атаджанов', username='Otush2024'), group_chat_created=False, message_id=19903, supergroup_chat_created=False, text='/start'), update_id=884200645),)
2025-10-12 20:38:31,837 - telegram.ext.ExtBot - DEBUG - Exiting: get_updates
2025-10-12 20:38:31,838 - telegram.ext.ExtBot - DEBUG - Entering: get_updates
2025-10-12 20:38:31,841 - telegram.ext.Application - DEBUG - Processing update Update(message=Message(channel_chat_created=False, chat=Chat(first_name='Ибодулла', id=252935510, last_name='Атаджанов', type=<ChatType.PRIVATE>, username='Otush2024'), date=datetime.datetime(2025, 10, 12, 15, 38, 31, tzinfo=<UTC>), delete_chat_photo=False, entities=(MessageEntity(length=6, offset=0, type=<MessageEntityType.BOT_COMMAND>),), from_user=User(first_name='Ибодулла', id=252935510, is_bot=False, language_code='ru', last_name='Атаджанов', username='Otush2024'), group_chat_created=False, message_id=19903, supergroup_chat_created=False, text='/start'), update_id=884200645)
2025-10-12 20:38:31,844 - telegram.ext.ConversationHandler - DEBUG - Selecting conversation (252935510, 252935510) with state None
2025-10-12 20:38:31,864 - telegram.ext.ExtBot - DEBUG - Entering: send_message
2025-10-12 20:38:32,296 - telegram.ext.ExtBot - DEBUG - Message(channel_chat_created=False, chat=Chat(first_name='Ибодулла', id=252935510, last_name='Атаджанов', type=<ChatType.PRIVATE>, username='Otush2024'), date=datetime.datetime(2025, 10, 12, 15, 38, 32, tzinfo=<UTC>), delete_chat_photo=False, from_user=User(first_name='Meros', id=8383988628, is_bot=True, username='Mybax_bot'), group_chat_created=False, message_id=19904, supergroup_chat_created=False, text='Xush kelibsiz! Botdan foydalanish uchun hisob turini tanlang:')
2025-10-12 20:38:32,298 - telegram.ext.ExtBot - DEBUG - Exiting: send_message
2025-10-12 20:38:33,761 - telegram.ext.ExtBot - DEBUG - Getting updates: [884200646]
2025-10-12 20:38:33,762 - telegram.ext.ExtBot - DEBUG - (Update(message=Message(channel_chat_created=False, chat=Chat(first_name='Ибодулла', id=252935510, last_name='Атаджанов', type=<ChatType.PRIVATE>, username='Otush2024'), date=datetime.datetime(2025, 10, 12, 15, 38, 33, tzinfo=<UTC>), delete_chat_photo=False, from_user=User(first_name='Ибодулла', id=252935510, is_bot=False, language_code='ru', last_name='Атаджанов', username='Otush2024'), group_chat_created=False, message_id=19905, supergroup_chat_created=False, text='Demo Hisob'), update_id=884200646),)
2025-10-12 20:38:33,763 - telegram.ext.ExtBot - DEBUG - Exiting: get_updates
2025-10-12 20:38:33,764 - telegram.ext.ExtBot - DEBUG - Entering: get_updates
2025-10-12 20:38:33,766 - telegram.ext.Application - DEBUG - Processing update Update(message=Message(channel_chat_created=False, chat=Chat(first_name='Ибодулла', id=252935510, last_name='Атаджанов', type=<ChatType.PRIVATE>, username='Otush2024'), date=datetime.datetime(2025, 10, 12, 15, 38, 33, tzinfo=<UTC>), delete_chat_photo=False, from_user=User(first_name='Ибодулла', id=252935510, is_bot=False, language_code='ru', last_name='Атаджанов', username='Otush2024'), group_chat_created=False, message_id=19905, supergroup_chat_created=False, text='Demo Hisob'), update_id=884200646)
2025-10-12 20:38:33,767 - telegram.ext.ConversationHandler - DEBUG - Selecting conversation (252935510, 252935510) with state 0
2025-10-12 20:38:35,463 - capital_api - INFO - Login successful, tokens stored.
2025-10-12 20:38:35,467 - trading_logic - INFO - ✅ Global DB va API instancelari sozlandi.
2025-10-12 20:38:35,467 - trading_logic - INFO - ✅ Global instancelar contextdan topildi va sozlandi.
2025-10-12 20:38:35,468 - trading_logic - INFO - ✅ Trailing stop loop ishga tushdi.
2025-10-12 20:38:35,469 - __main__ - INFO - Savdo, pozitsiyalarni yopish va websocket vazifalari ishga tushirildi.
2025-10-12 20:38:35,471 - telegram.ext.ExtBot - DEBUG - Entering: send_message
2025-10-12 20:38:35,476 - trading_logic - INFO - 🔄 Auto savdo aylanmasi ishlayapti...
2025-10-12 20:38:35,478 - trading_logic - INFO - ✅ Trailing stop loop ishga tushdi.
2025-10-12 20:38:35,479 - __main__ - INFO - Websocket-ga ulanishga harakat qilinmoqda...
2025-10-12 20:38:35,479 - capital_api - INFO - Attempting to connect to WebSocket...
2025-10-12 20:38:35,722 - telegram.ext.ExtBot - DEBUG - Message(channel_chat_created=False, chat=Chat(first_name='Ибодулла', id=252935510, last_name='Атаджанов', type=<ChatType.PRIVATE>, username='Otush2024'), date=datetime.datetime(2025, 10, 12, 15, 38, 35, tzinfo=<UTC>), delete_chat_photo=False, from_user=User(first_name='Meros', id=8383988628, is_bot=True, username='Mybax_bot'), group_chat_created=False, message_id=19906, supergroup_chat_created=False, text='✅ Demo hisobga muvaffaqiyatli kirdingiz!')
2025-10-12 20:38:35,724 - telegram.ext.ExtBot - DEBUG - Exiting: send_message
2025-10-12 20:38:35,984 - capital_api - INFO - get_open_positions result: {'positions': []}
2025-10-12 20:38:35,985 - trading_logic - INFO - 📊 Ochiq pozitsiyalar soni: 0
2025-10-12 20:38:35,987 - trading_logic - INFO - 📊 Tesla tekshirilmoqda...
2025-10-12 20:38:35,988 - trading_logic - INFO - 📊 Apple tekshirilmoqda...
2025-10-12 20:38:35,989 - trading_logic - INFO - 📊 Nvidia tekshirilmoqda...
2025-10-12 20:38:35,990 - trading_logic - INFO - 📊 Coca-Cola tekshirilmoqda...
2025-10-12 20:38:35,990 - trading_logic - INFO - 📊 Bitcoin tekshirilmoqda...
2025-10-12 20:38:36,262 - capital_api - INFO - Connected to WebSocket.
2025-10-12 20:38:36,263 - capital_api - INFO - Subscribed to: ['TSLA', 'AAPL', 'NVDA', 'KO', 'BTCUSD', 'ETHUSD', 'GOLD', 'OIL_CRUDE', 'NATURALGAS', 'USDJPY', 'EURUSD']
2025-10-12 20:38:37,146 - telegram.ext.ExtBot - DEBUG - Getting updates: [884200647]
2025-10-12 20:38:37,148 - telegram.ext.ExtBot - DEBUG - (Update(message=Message(channel_chat_created=False, chat=Chat(first_name='Ибодулла', id=252935510, last_name='Атаджанов', type=<ChatType.PRIVATE>, username='Otush2024'), date=datetime.datetime(2025, 10, 12, 15, 38, 36, tzinfo=<UTC>), delete_chat_photo=False, from_user=User(first_name='Ибодулла', id=252935510, is_bot=False, language_code='ru', last_name='Атаджанов', username='Otush2024'), group_chat_created=False, message_id=19907, supergroup_chat_created=False, text='Sozlamalar'), update_id=884200647),)
2025-10-12 20:38:37,149 - telegram.ext.ExtBot - DEBUG - Exiting: get_updates
2025-10-12 20:38:37,149 - telegram.ext.ExtBot - DEBUG - Entering: get_updates
2025-10-12 20:38:37,152 - telegram.ext.Application - DEBUG - Processing update Update(message=Message(channel_chat_created=False, chat=Chat(first_name='Ибодулла', id=252935510, last_name='Атаджанов', type=<ChatType.PRIVATE>, username='Otush2024'), date=datetime.datetime(2025, 10, 12, 15, 38, 36, tzinfo=<UTC>), delete_chat_photo=False, from_user=User(first_name='Ибодулла', id=252935510, is_bot=False, language_code='ru', last_name='Атаджанов', username='Otush2024'), group_chat_created=False, message_id=19907, supergroup_chat_created=False, text='Sozlamalar'), update_id=884200647)
2025-10-12 20:38:37,155 - telegram.ext.ConversationHandler - DEBUG - Selecting conversation (252935510, 252935510) with state 1
2025-10-12 20:38:37,156 - telegram.ext.ExtBot - DEBUG - Entering: send_message
2025-10-12 20:38:37,417 - telegram.ext.ExtBot - DEBUG - Message(channel_chat_created=False, chat=Chat(first_name='Ибодулла', id=252935510, last_name='Атаджанов', type=<ChatType.PRIVATE>, username='Otush2024'), date=datetime.datetime(2025, 10, 12, 15, 38, 37, tzinfo=<UTC>), delete_chat_photo=False, from_user=User(first_name='Meros', id=8383988628, is_bot=True, username='Mybax_bot'), group_chat_created=False, message_id=19908, reply_markup=InlineKeyboardMarkup(inline_keyboard=((InlineKeyboardButton(callback_data='toggle_auto_trading', text='🤖 Auto Savdo: ✅ ON'),), (InlineKeyboardButton(callback_data='toggle_demo', text='📊 Demo hisob: ✅ ON'),), (InlineKeyboardButton(callback_data='toggle_real', text='🏦 Real hisob: ❌ OFF'),), (InlineKeyboardButton(callback_data='set_trailing_stop', text='🔺 Trailing Stop: 0.0%'),), (InlineKeyboardButton(callback_data='toggle_trailing_mode', text='Trailing Mode: [AUTO]'),), (InlineKeyboardButton(callback_data='toggle_ai_trailing_stop', text='🧠 AI Trailing: ❌ OFF'),), (InlineKeyboardButton(callback_data='check_balances', text='💰 Hisob balansi'),), (InlineKeyboardButton(callback_data='toggle_trade_signal_level', text='Trade signal: [STRONG]'), InlineKeyboardButton(callback_data='toggle_trade_signal_ai_enabled', text='Trade signal AI: [ON]')), (InlineKeyboardButton(callback_data='back_to_main_menu', text='⬅️ Ortga'),))), supergroup_chat_created=False, text="Bot sozlamalarini o'zgartirish uchun kerakli parametrlarni tanlang:")
2025-10-12 20:38:37,423 - telegram.ext.ExtBot - DEBUG - Exiting: send_message
2025-10-12 20:38:37,909 - trading_logic - DEBUG - [BTCUSD] STRONG: HOUR resolutionda yetarli ma'lumot topildi: 200 ta
2025-10-12 20:38:37,916 - trading_logic - INFO - [BTCUSD] STRONG: Signal nisbati: 0.40 (2/5 BUY, 1/5 SELL)
2025-10-12 20:38:37,918 - trading_logic - INFO - 📊 Ethereum tekshirilmoqda...
2025-10-12 20:38:38,619 - trading_logic - DEBUG - [ETHUSD] STRONG: HOUR resolutionda yetarli ma'lumot topildi: 200 ta
2025-10-12 20:38:38,624 - trading_logic - INFO - [ETHUSD] STRONG: Signal nisbati: 0.60 (2/5 BUY, 3/5 SELL)
2025-10-12 20:38:38,625 - trading_logic - INFO - 📊 Gold tekshirilmoqda...
2025-10-12 20:38:38,627 - trading_logic - INFO - 📊 Crude Oil tekshirilmoqda...
2025-10-12 20:38:38,627 - trading_logic - INFO - 📊 Natural Gas tekshirilmoqda...
2025-10-12 20:38:38,627 - trading_logic - INFO - 📊 USD/JPY tekshirilmoqda...
2025-10-12 20:38:38,628 - trading_logic - INFO - 📊 EUR/USD tekshirilmoqda...
2025-10-12 20:38:43,618 - telegram.ext.ExtBot - DEBUG - Getting updates: [884200648]
2025-10-12 20:38:43,620 - telegram.ext.ExtBot - DEBUG - (Update(callback_query=CallbackQuery(chat_instance='6166962376676954100', data='back_to_main_menu', from_user=User(first_name='Ибодулла', id=252935510, is_bot=False, language_code='ru', last_name='Атаджанов', username='Otush2024'), id='1086349746775738368', message=Message(channel_chat_created=False, chat=Chat(first_name='Ибодулла', id=252935510, last_name='Атаджанов', type=<ChatType.PRIVATE>, username='Otush2024'), date=datetime.datetime(2025, 10, 12, 15, 38, 37, tzinfo=<UTC>), delete_chat_photo=False, from_user=User(first_name='Meros', id=8383988628, is_bot=True, username='Mybax_bot'), group_chat_created=False, message_id=19908, reply_markup=InlineKeyboardMarkup(inline_keyboard=((InlineKeyboardButton(callback_data='toggle_auto_trading', text='🤖 Auto Savdo: ✅ ON'),), (InlineKeyboardButton(callback_data='toggle_demo', text='📊 Demo hisob: ✅ ON'),), (InlineKeyboardButton(callback_data='toggle_real', text='🏦 Real hisob: ❌ OFF'),), (InlineKeyboardButton(callback_data='set_trailing_stop', text='🔺 Trailing Stop: 0.0%'),), (InlineKeyboardButton(callback_data='toggle_trailing_mode', text='Trailing Mode: [AUTO]'),), (InlineKeyboardButton(callback_data='toggle_ai_trailing_stop', text='🧠 AI Trailing: ❌ OFF'),), (InlineKeyboardButton(callback_data='check_balances', text='💰 Hisob balansi'),), (InlineKeyboardButton(callback_data='toggle_trade_signal_level', text='Trade signal: [STRONG]'), InlineKeyboardButton(callback_data='toggle_trade_signal_ai_enabled', text='Trade signal AI: [ON]')), (InlineKeyboardButton(callback_data='back_to_main_menu', text='⬅️ Ortga'),))), supergroup_chat_created=False, text="Bot sozlamalarini o'zgartirish uchun kerakli parametrlarni tanlang:")), update_id=884200648),)
2025-10-12 20:38:43,624 - telegram.ext.ExtBot - DEBUG - Exiting: get_updates
2025-10-12 20:38:43,625 - telegram.ext.ExtBot - DEBUG - Entering: get_updates
2025-10-12 20:38:43,627 - telegram.ext.Application - DEBUG - Processing update Update(callback_query=CallbackQuery(chat_instance='6166962376676954100', data='back_to_main_menu', from_user=User(first_name='Ибодулла', id=252935510, is_bot=False, language_code='ru', last_name='Атаджанов', username='Otush2024'), id='1086349746775738368', message=Message(channel_chat_created=False, chat=Chat(first_name='Ибодулла', id=252935510, last_name='Атаджанов', type=<ChatType.PRIVATE>, username='Otush2024'), date=datetime.datetime(2025, 10, 12, 15, 38, 37, tzinfo=<UTC>), delete_chat_photo=False, from_user=User(first_name='Meros', id=8383988628, is_bot=True, username='Mybax_bot'), group_chat_created=False, message_id=19908, reply_markup=InlineKeyboardMarkup(inline_keyboard=((InlineKeyboardButton(callback_data='toggle_auto_trading', text='🤖 Auto Savdo: ✅ ON'),), (InlineKeyboardButton(callback_data='toggle_demo', text='📊 Demo hisob: ✅ ON'),), (InlineKeyboardButton(callback_data='toggle_real', text='🏦 Real hisob: ❌ OFF'),), (InlineKeyboardButton(callback_data='set_trailing_stop', text='🔺 Trailing Stop: 0.0%'),), (InlineKeyboardButton(callback_data='toggle_trailing_mode', text='Trailing Mode: [AUTO]'),), (InlineKeyboardButton(callback_data='toggle_ai_trailing_stop', text='🧠 AI Trailing: ❌ OFF'),), (InlineKeyboardButton(callback_data='check_balances', text='💰 Hisob balansi'),), (InlineKeyboardButton(callback_data='toggle_trade_signal_level', text='Trade signal: [STRONG]'), InlineKeyboardButton(callback_data='toggle_trade_signal_ai_enabled', text='Trade signal AI: [ON]')), (InlineKeyboardButton(callback_data='back_to_main_menu', text='⬅️ Ortga'),))), supergroup_chat_created=False, text="Bot sozlamalarini o'zgartirish uchun kerakli parametrlarni tanlang:")), update_id=884200648)
2025-10-12 20:38:43,632 - telegram.ext.ConversationHandler - DEBUG - Selecting conversation (252935510, 252935510) with state 6
2025-10-12 20:38:43,632 - telegram.ext.ExtBot - DEBUG - Entering: answer_callback_query
2025-10-12 20:38:44,029 - telegram.ext.ExtBot - DEBUG - True
2025-10-12 20:38:44,030 - telegram.ext.ExtBot - DEBUG - Exiting: answer_callback_query
2025-10-12 20:38:44,033 - telegram.ext.ExtBot - DEBUG - Entering: answer_callback_query
2025-10-12 20:38:44,240 - telegram.ext.ExtBot - DEBUG - True
2025-10-12 20:38:44,241 - telegram.ext.ExtBot - DEBUG - Exiting: answer_callback_query
2025-10-12 20:38:44,243 - telegram.ext.ExtBot - DEBUG - Entering: delete_message
2025-10-12 20:38:44,413 - telegram.ext.ExtBot - DEBUG - True
2025-10-12 20:38:44,413 - telegram.ext.ExtBot - DEBUG - Exiting: delete_message
2025-10-12 20:38:44,416 - telegram.ext.ExtBot - DEBUG - Entering: send_message
2025-10-12 20:38:44,581 - telegram.ext.ExtBot - DEBUG - Message(channel_chat_created=False, chat=Chat(first_name='Ибодулла', id=252935510, last_name='Атаджанов', type=<ChatType.PRIVATE>, username='Otush2024'), date=datetime.datetime(2025, 10, 12, 15, 38, 44, tzinfo=<UTC>), delete_chat_photo=False, from_user=User(first_name='Meros', id=8383988628, is_bot=True, username='Mybax_bot'), group_chat_created=False, message_id=19909, supergroup_chat_created=False, text='Asosiy menyu.')
2025-10-12 20:38:44,583 - telegram.ext.ExtBot - DEBUG - Exiting: send_message
2025-10-12 20:38:49,048 - capital_api - INFO - get_open_positions result: {'positions': []}
2025-10-12 20:38:49,049 - trading_logic - INFO - 📊 Ochiq pozitsiyalar soni: 0
2025-10-12 20:38:49,052 - trading_logic - INFO - 📊 Tesla tekshirilmoqda...
2025-10-12 20:38:49,053 - trading_logic - INFO - 📊 Apple tekshirilmoqda...
2025-10-12 20:38:49,053 - trading_logic - INFO - 📊 Nvidia tekshirilmoqda...
2025-10-12 20:38:49,054 - trading_logic - INFO - 📊 Coca-Cola tekshirilmoqda...
2025-10-12 20:38:49,055 - trading_logic - INFO - 📊 Bitcoin tekshirilmoqda...
2025-10-12 20:38:49,706 - trading_logic - DEBUG - [BTCUSD] STRONG: HOUR resolutionda yetarli ma'lumot topildi: 200 ta
2025-10-12 20:38:49,712 - trading_logic - INFO - [BTCUSD] STRONG: Signal nisbati: 0.40 (2/5 BUY, 1/5 SELL)
2025-10-12 20:38:49,713 - trading_logic - INFO - 📊 Ethereum tekshirilmoqda...
2025-10-12 20:38:50,348 - trading_logic - DEBUG - [ETHUSD] STRONG: HOUR resolutionda yetarli ma'lumot topildi: 200 ta
2025-10-12 20:38:50,351 - trading_logic - INFO - [ETHUSD] STRONG: Signal nisbati: 0.60 (2/5 BUY, 3/5 SELL)
2025-10-12 20:38:50,353 - trading_logic - INFO - 📊 Gold tekshirilmoqda...
2025-10-12 20:38:50,354 - trading_logic - INFO - 📊 Crude Oil tekshirilmoqda...
2025-10-12 20:38:50,355 - trading_logic - INFO - 📊 Natural Gas tekshirilmoqda...
2025-10-12 20:38:50,356 - trading_logic - INFO - 📊 USD/JPY tekshirilmoqda...
2025-10-12 20:38:50,357 - trading_logic - INFO - 📊 EUR/USD tekshirilmoqda...
